[2026-03-27 01:14:57.436 +05:30] [ERR] [TaskManagementSystem.Application.Behaviors.LoggingPipelineBehavior] Error handling GetProjectPagedListQuery
System.InvalidOperationException: The LINQ expression 'DbSet<Project>()
    .OrderBy(p => new GetProjectPagedListDto{ 
        Id = p.Id, 
        Name = p.Name, 
        Description = p.Description, 
        Type = p.Type, 
        TotalWorkItem = DbSet<WorkItem>()
            .Where(w => EF.Property<int?>(p, "Id") != null && object.Equals(
                objA: (object)EF.Property<int?>(p, "Id"), 
                objB: (object)EF.Property<int?>(w, "ProjectId")))
            .Count() 
    }
    .TeamName)' could not be translated. Either rewrite the query in a form that can be translated, or switch to client evaluation explicitly by inserting a call to 'AsEnumerable', 'AsAsyncEnumerable', 'ToList', or 'ToListAsync'. See https://go.microsoft.com/fwlink/?linkid=2101038 for more information.
   at Microsoft.EntityFrameworkCore.Query.QueryableMethodTranslatingExpressionVisitor.Translate(Expression expression)
   at Microsoft.EntityFrameworkCore.Query.QueryCompilationContext.CreateQueryExecutorExpression[TResult](Expression query)
   at Microsoft.EntityFrameworkCore.Query.QueryCompilationContext.CreateQueryExecutor[TResult](Expression query)
   at Microsoft.EntityFrameworkCore.Storage.Database.CompileQuery[TResult](Expression query, Boolean async)
   at Microsoft.EntityFrameworkCore.Query.Internal.QueryCompiler.CompileQueryCore[TResult](IDatabase database, Expression query, IModel model, Boolean async)
   at Microsoft.EntityFrameworkCore.Query.Internal.QueryCompiler.<>c__DisplayClass11_0`1.<ExecuteCore>b__0()
   at Microsoft.EntityFrameworkCore.Query.Internal.CompiledQueryCache.GetOrAddQuery[TResult](Object cacheKey, Func`1 compiler)
   at Microsoft.EntityFrameworkCore.Query.Internal.QueryCompiler.ExecuteCore[TResult](Expression query, Boolean async, CancellationToken cancellationToken)
   at Microsoft.EntityFrameworkCore.Query.Internal.QueryCompiler.ExecuteAsync[TResult](Expression query, CancellationToken cancellationToken)
   at Microsoft.EntityFrameworkCore.Query.Internal.EntityQueryProvider.ExecuteAsync[TResult](Expression expression, CancellationToken cancellationToken)
   at Microsoft.EntityFrameworkCore.Query.Internal.EntityQueryable`1.GetAsyncEnumerator(CancellationToken cancellationToken)
   at System.Runtime.CompilerServices.ConfiguredCancelableAsyncEnumerable`1.GetAsyncEnumerator()
   at Microsoft.EntityFrameworkCore.EntityFrameworkQueryableExtensions.ToListAsync[TSource](IQueryable`1 source, CancellationToken cancellationToken)
   at TaskManagementSystem.Infrastructure.Persistence.Repositories.ProjectRepository.GetPagedListAsync(PagedListRequestDto request, CancellationToken cancellationToken) in E:\Projects\Backend\TaskManagementSystem.Infrastructure\Persistence\Repositories\ProjectRepository.cs:line 45
   at TaskManagementSystem.Application.Queries.Project.GetProjectPagedList.GetProjectPagedListQueryHandler.Handle(GetProjectPagedListQuery request, CancellationToken cancellationToken) in E:\Projects\Backend\TaskManagementSystem.Application\Queries\Project\GetProjectPagedList\GetProjectPagedListQueryHandler.cs:line 11
   at TaskManagementSystem.Application.Behaviors.LoggingPipelineBehavior`2.Handle(TRequest request, RequestHandlerDelegate`1 next, CancellationToken cancellationToken) in E:\Projects\Backend\TaskManagementSystem.Application\Behaviors\LoggingPipelineBehavior.cs:line 21
[2026-03-27 01:14:57.869 +05:30] [ERR] [TaskManagementSystem.Api.Controllers.ProjectController] Get project paged list.
System.InvalidOperationException: The LINQ expression 'DbSet<Project>()
    .OrderBy(p => new GetProjectPagedListDto{ 
        Id = p.Id, 
        Name = p.Name, 
        Description = p.Description, 
        Type = p.Type, 
        TotalWorkItem = DbSet<WorkItem>()
            .Where(w => EF.Property<int?>(p, "Id") != null && object.Equals(
                objA: (object)EF.Property<int?>(p, "Id"), 
                objB: (object)EF.Property<int?>(w, "ProjectId")))
            .Count() 
    }
    .TeamName)' could not be translated. Either rewrite the query in a form that can be translated, or switch to client evaluation explicitly by inserting a call to 'AsEnumerable', 'AsAsyncEnumerable', 'ToList', or 'ToListAsync'. See https://go.microsoft.com/fwlink/?linkid=2101038 for more information.
   at Microsoft.EntityFrameworkCore.Query.QueryableMethodTranslatingExpressionVisitor.Translate(Expression expression)
   at Microsoft.EntityFrameworkCore.Query.QueryCompilationContext.CreateQueryExecutorExpression[TResult](Expression query)
   at Microsoft.EntityFrameworkCore.Query.QueryCompilationContext.CreateQueryExecutor[TResult](Expression query)
   at Microsoft.EntityFrameworkCore.Storage.Database.CompileQuery[TResult](Expression query, Boolean async)
   at Microsoft.EntityFrameworkCore.Query.Internal.QueryCompiler.CompileQueryCore[TResult](IDatabase database, Expression query, IModel model, Boolean async)
   at Microsoft.EntityFrameworkCore.Query.Internal.QueryCompiler.<>c__DisplayClass11_0`1.<ExecuteCore>b__0()
   at Microsoft.EntityFrameworkCore.Query.Internal.CompiledQueryCache.GetOrAddQuery[TResult](Object cacheKey, Func`1 compiler)
   at Microsoft.EntityFrameworkCore.Query.Internal.QueryCompiler.ExecuteCore[TResult](Expression query, Boolean async, CancellationToken cancellationToken)
   at Microsoft.EntityFrameworkCore.Query.Internal.QueryCompiler.ExecuteAsync[TResult](Expression query, CancellationToken cancellationToken)
   at Microsoft.EntityFrameworkCore.Query.Internal.EntityQueryProvider.ExecuteAsync[TResult](Expression expression, CancellationToken cancellationToken)
   at Microsoft.EntityFrameworkCore.Query.Internal.EntityQueryable`1.GetAsyncEnumerator(CancellationToken cancellationToken)
   at System.Runtime.CompilerServices.ConfiguredCancelableAsyncEnumerable`1.GetAsyncEnumerator()
   at Microsoft.EntityFrameworkCore.EntityFrameworkQueryableExtensions.ToListAsync[TSource](IQueryable`1 source, CancellationToken cancellationToken)
   at TaskManagementSystem.Infrastructure.Persistence.Repositories.ProjectRepository.GetPagedListAsync(PagedListRequestDto request, CancellationToken cancellationToken) in E:\Projects\Backend\TaskManagementSystem.Infrastructure\Persistence\Repositories\ProjectRepository.cs:line 45
   at TaskManagementSystem.Application.Queries.Project.GetProjectPagedList.GetProjectPagedListQueryHandler.Handle(GetProjectPagedListQuery request, CancellationToken cancellationToken) in E:\Projects\Backend\TaskManagementSystem.Application\Queries\Project\GetProjectPagedList\GetProjectPagedListQueryHandler.cs:line 11
   at TaskManagementSystem.Application.Behaviors.LoggingPipelineBehavior`2.Handle(TRequest request, RequestHandlerDelegate`1 next, CancellationToken cancellationToken) in E:\Projects\Backend\TaskManagementSystem.Application\Behaviors\LoggingPipelineBehavior.cs:line 21
   at TaskManagementSystem.Application.Behaviors.UserContextPipelineBehavior`2.Handle(TRequest request, RequestHandlerDelegate`1 next, CancellationToken cancellationToken) in E:\Projects\Backend\TaskManagementSystem.Application\Behaviors\UserContextPipelineBehavior.cs:line 27
   at TaskManagementSystem.Api.Controllers.ProjectController.GetPagedList(PagedListRequestDto request) in E:\Projects\Backend\TaskManagementSystem.Api\Controllers\ProjectController.cs:line 41
[2026-03-27 01:14:58.456 +05:30] [ERR] [TaskManagementSystem.Application.Behaviors.LoggingPipelineBehavior] Error handling GetProjectPagedListQuery
System.InvalidOperationException: The LINQ expression 'DbSet<Project>()
    .OrderByDescending(p => new GetProjectPagedListDto{ 
        Id = p.Id, 
        Name = p.Name, 
        Description = p.Description, 
        Type = p.Type, 
        TotalWorkItem = DbSet<WorkItem>()
            .Where(w => EF.Property<int?>(p, "Id") != null && object.Equals(
                objA: (object)EF.Property<int?>(p, "Id"), 
                objB: (object)EF.Property<int?>(w, "ProjectId")))
            .Count() 
    }
    .TeamName)' could not be translated. Either rewrite the query in a form that can be translated, or switch to client evaluation explicitly by inserting a call to 'AsEnumerable', 'AsAsyncEnumerable', 'ToList', or 'ToListAsync'. See https://go.microsoft.com/fwlink/?linkid=2101038 for more information.
   at Microsoft.EntityFrameworkCore.Query.QueryableMethodTranslatingExpressionVisitor.Translate(Expression expression)
   at Microsoft.EntityFrameworkCore.Query.QueryCompilationContext.CreateQueryExecutorExpression[TResult](Expression query)
   at Microsoft.EntityFrameworkCore.Query.QueryCompilationContext.CreateQueryExecutor[TResult](Expression query)
   at Microsoft.EntityFrameworkCore.Storage.Database.CompileQuery[TResult](Expression query, Boolean async)
   at Microsoft.EntityFrameworkCore.Query.Internal.QueryCompiler.CompileQueryCore[TResult](IDatabase database, Expression query, IModel model, Boolean async)
   at Microsoft.EntityFrameworkCore.Query.Internal.QueryCompiler.<>c__DisplayClass11_0`1.<ExecuteCore>b__0()
   at Microsoft.EntityFrameworkCore.Query.Internal.CompiledQueryCache.GetOrAddQuery[TResult](Object cacheKey, Func`1 compiler)
   at Microsoft.EntityFrameworkCore.Query.Internal.QueryCompiler.ExecuteCore[TResult](Expression query, Boolean async, CancellationToken cancellationToken)
   at Microsoft.EntityFrameworkCore.Query.Internal.QueryCompiler.ExecuteAsync[TResult](Expression query, CancellationToken cancellationToken)
   at Microsoft.EntityFrameworkCore.Query.Internal.EntityQueryProvider.ExecuteAsync[TResult](Expression expression, CancellationToken cancellationToken)
   at Microsoft.EntityFrameworkCore.Query.Internal.EntityQueryable`1.GetAsyncEnumerator(CancellationToken cancellationToken)
   at System.Runtime.CompilerServices.ConfiguredCancelableAsyncEnumerable`1.GetAsyncEnumerator()
   at Microsoft.EntityFrameworkCore.EntityFrameworkQueryableExtensions.ToListAsync[TSource](IQueryable`1 source, CancellationToken cancellationToken)
   at TaskManagementSystem.Infrastructure.Persistence.Repositories.ProjectRepository.GetPagedListAsync(PagedListRequestDto request, CancellationToken cancellationToken) in E:\Projects\Backend\TaskManagementSystem.Infrastructure\Persistence\Repositories\ProjectRepository.cs:line 45
   at TaskManagementSystem.Application.Queries.Project.GetProjectPagedList.GetProjectPagedListQueryHandler.Handle(GetProjectPagedListQuery request, CancellationToken cancellationToken) in E:\Projects\Backend\TaskManagementSystem.Application\Queries\Project\GetProjectPagedList\GetProjectPagedListQueryHandler.cs:line 11
   at TaskManagementSystem.Application.Behaviors.LoggingPipelineBehavior`2.Handle(TRequest request, RequestHandlerDelegate`1 next, CancellationToken cancellationToken) in E:\Projects\Backend\TaskManagementSystem.Application\Behaviors\LoggingPipelineBehavior.cs:line 21
[2026-03-27 01:14:59.782 +05:30] [ERR] [TaskManagementSystem.Api.Controllers.ProjectController] Get project paged list.
System.InvalidOperationException: The LINQ expression 'DbSet<Project>()
    .OrderByDescending(p => new GetProjectPagedListDto{ 
        Id = p.Id, 
        Name = p.Name, 
        Description = p.Description, 
        Type = p.Type, 
        TotalWorkItem = DbSet<WorkItem>()
            .Where(w => EF.Property<int?>(p, "Id") != null && object.Equals(
                objA: (object)EF.Property<int?>(p, "Id"), 
                objB: (object)EF.Property<int?>(w, "ProjectId")))
            .Count() 
    }
    .TeamName)' could not be translated. Either rewrite the query in a form that can be translated, or switch to client evaluation explicitly by inserting a call to 'AsEnumerable', 'AsAsyncEnumerable', 'ToList', or 'ToListAsync'. See https://go.microsoft.com/fwlink/?linkid=2101038 for more information.
   at Microsoft.EntityFrameworkCore.Query.QueryableMethodTranslatingExpressionVisitor.Translate(Expression expression)
   at Microsoft.EntityFrameworkCore.Query.QueryCompilationContext.CreateQueryExecutorExpression[TResult](Expression query)
   at Microsoft.EntityFrameworkCore.Query.QueryCompilationContext.CreateQueryExecutor[TResult](Expression query)
   at Microsoft.EntityFrameworkCore.Storage.Database.CompileQuery[TResult](Expression query, Boolean async)
   at Microsoft.EntityFrameworkCore.Query.Internal.QueryCompiler.CompileQueryCore[TResult](IDatabase database, Expression query, IModel model, Boolean async)
   at Microsoft.EntityFrameworkCore.Query.Internal.QueryCompiler.<>c__DisplayClass11_0`1.<ExecuteCore>b__0()
   at Microsoft.EntityFrameworkCore.Query.Internal.CompiledQueryCache.GetOrAddQuery[TResult](Object cacheKey, Func`1 compiler)
   at Microsoft.EntityFrameworkCore.Query.Internal.QueryCompiler.ExecuteCore[TResult](Expression query, Boolean async, CancellationToken cancellationToken)
   at Microsoft.EntityFrameworkCore.Query.Internal.QueryCompiler.ExecuteAsync[TResult](Expression query, CancellationToken cancellationToken)
   at Microsoft.EntityFrameworkCore.Query.Internal.EntityQueryProvider.ExecuteAsync[TResult](Expression expression, CancellationToken cancellationToken)
   at Microsoft.EntityFrameworkCore.Query.Internal.EntityQueryable`1.GetAsyncEnumerator(CancellationToken cancellationToken)
   at System.Runtime.CompilerServices.ConfiguredCancelableAsyncEnumerable`1.GetAsyncEnumerator()
   at Microsoft.EntityFrameworkCore.EntityFrameworkQueryableExtensions.ToListAsync[TSource](IQueryable`1 source, CancellationToken cancellationToken)
   at TaskManagementSystem.Infrastructure.Persistence.Repositories.ProjectRepository.GetPagedListAsync(PagedListRequestDto request, CancellationToken cancellationToken) in E:\Projects\Backend\TaskManagementSystem.Infrastructure\Persistence\Repositories\ProjectRepository.cs:line 45
   at TaskManagementSystem.Application.Queries.Project.GetProjectPagedList.GetProjectPagedListQueryHandler.Handle(GetProjectPagedListQuery request, CancellationToken cancellationToken) in E:\Projects\Backend\TaskManagementSystem.Application\Queries\Project\GetProjectPagedList\GetProjectPagedListQueryHandler.cs:line 11
   at TaskManagementSystem.Application.Behaviors.LoggingPipelineBehavior`2.Handle(TRequest request, RequestHandlerDelegate`1 next, CancellationToken cancellationToken) in E:\Projects\Backend\TaskManagementSystem.Application\Behaviors\LoggingPipelineBehavior.cs:line 21
   at TaskManagementSystem.Application.Behaviors.UserContextPipelineBehavior`2.Handle(TRequest request, RequestHandlerDelegate`1 next, CancellationToken cancellationToken) in E:\Projects\Backend\TaskManagementSystem.Application\Behaviors\UserContextPipelineBehavior.cs:line 27
   at TaskManagementSystem.Api.Controllers.ProjectController.GetPagedList(PagedListRequestDto request) in E:\Projects\Backend\TaskManagementSystem.Api\Controllers\ProjectController.cs:line 41
[2026-03-27 01:28:11.418 +05:30] [ERR] [TaskManagementSystem.Application.Behaviors.LoggingPipelineBehavior] Error handling GetProjectPagedListQuery
System.InvalidOperationException: The LINQ expression 'DbSet<Project>()
    .OrderBy(p => new GetProjectPagedListDto{ 
        Id = p.Id, 
        Name = p.Name, 
        Description = p.Description, 
        Type = p.Type, 
        TotalWorkItem = DbSet<WorkItem>()
            .Where(w => EF.Property<int?>(p, "Id") != null && object.Equals(
                objA: (object)EF.Property<int?>(p, "Id"), 
                objB: (object)EF.Property<int?>(w, "ProjectId")))
            .Count() 
    }
    .CreatedByFirstName)' could not be translated. Either rewrite the query in a form that can be translated, or switch to client evaluation explicitly by inserting a call to 'AsEnumerable', 'AsAsyncEnumerable', 'ToList', or 'ToListAsync'. See https://go.microsoft.com/fwlink/?linkid=2101038 for more information.
   at Microsoft.EntityFrameworkCore.Query.QueryableMethodTranslatingExpressionVisitor.Translate(Expression expression)
   at Microsoft.EntityFrameworkCore.Query.QueryCompilationContext.CreateQueryExecutorExpression[TResult](Expression query)
   at Microsoft.EntityFrameworkCore.Query.QueryCompilationContext.CreateQueryExecutor[TResult](Expression query)
   at Microsoft.EntityFrameworkCore.Storage.Database.CompileQuery[TResult](Expression query, Boolean async)
   at Microsoft.EntityFrameworkCore.Query.Internal.QueryCompiler.CompileQueryCore[TResult](IDatabase database, Expression query, IModel model, Boolean async)
   at Microsoft.EntityFrameworkCore.Query.Internal.QueryCompiler.<>c__DisplayClass11_0`1.<ExecuteCore>b__0()
   at Microsoft.EntityFrameworkCore.Query.Internal.CompiledQueryCache.GetOrAddQuery[TResult](Object cacheKey, Func`1 compiler)
   at Microsoft.EntityFrameworkCore.Query.Internal.QueryCompiler.ExecuteCore[TResult](Expression query, Boolean async, CancellationToken cancellationToken)
   at Microsoft.EntityFrameworkCore.Query.Internal.QueryCompiler.ExecuteAsync[TResult](Expression query, CancellationToken cancellationToken)
   at Microsoft.EntityFrameworkCore.Query.Internal.EntityQueryProvider.ExecuteAsync[TResult](Expression expression, CancellationToken cancellationToken)
   at Microsoft.EntityFrameworkCore.Query.Internal.EntityQueryable`1.GetAsyncEnumerator(CancellationToken cancellationToken)
   at System.Runtime.CompilerServices.ConfiguredCancelableAsyncEnumerable`1.GetAsyncEnumerator()
   at Microsoft.EntityFrameworkCore.EntityFrameworkQueryableExtensions.ToListAsync[TSource](IQueryable`1 source, CancellationToken cancellationToken)
   at TaskManagementSystem.Infrastructure.Persistence.Repositories.ProjectRepository.GetPagedListAsync(PagedListRequestDto request, CancellationToken cancellationToken) in E:\Projects\Backend\TaskManagementSystem.Infrastructure\Persistence\Repositories\ProjectRepository.cs:line 45
   at TaskManagementSystem.Application.Queries.Project.GetProjectPagedList.GetProjectPagedListQueryHandler.Handle(GetProjectPagedListQuery request, CancellationToken cancellationToken) in E:\Projects\Backend\TaskManagementSystem.Application\Queries\Project\GetProjectPagedList\GetProjectPagedListQueryHandler.cs:line 11
   at TaskManagementSystem.Application.Behaviors.LoggingPipelineBehavior`2.Handle(TRequest request, RequestHandlerDelegate`1 next, CancellationToken cancellationToken) in E:\Projects\Backend\TaskManagementSystem.Application\Behaviors\LoggingPipelineBehavior.cs:line 21
[2026-03-27 01:28:11.633 +05:30] [ERR] [TaskManagementSystem.Api.Controllers.ProjectController] Get project paged list.
System.InvalidOperationException: The LINQ expression 'DbSet<Project>()
    .OrderBy(p => new GetProjectPagedListDto{ 
        Id = p.Id, 
        Name = p.Name, 
        Description = p.Description, 
        Type = p.Type, 
        TotalWorkItem = DbSet<WorkItem>()
            .Where(w => EF.Property<int?>(p, "Id") != null && object.Equals(
                objA: (object)EF.Property<int?>(p, "Id"), 
                objB: (object)EF.Property<int?>(w, "ProjectId")))
            .Count() 
    }
    .CreatedByFirstName)' could not be translated. Either rewrite the query in a form that can be translated, or switch to client evaluation explicitly by inserting a call to 'AsEnumerable', 'AsAsyncEnumerable', 'ToList', or 'ToListAsync'. See https://go.microsoft.com/fwlink/?linkid=2101038 for more information.
   at Microsoft.EntityFrameworkCore.Query.QueryableMethodTranslatingExpressionVisitor.Translate(Expression expression)
   at Microsoft.EntityFrameworkCore.Query.QueryCompilationContext.CreateQueryExecutorExpression[TResult](Expression query)
   at Microsoft.EntityFrameworkCore.Query.QueryCompilationContext.CreateQueryExecutor[TResult](Expression query)
   at Microsoft.EntityFrameworkCore.Storage.Database.CompileQuery[TResult](Expression query, Boolean async)
   at Microsoft.EntityFrameworkCore.Query.Internal.QueryCompiler.CompileQueryCore[TResult](IDatabase database, Expression query, IModel model, Boolean async)
   at Microsoft.EntityFrameworkCore.Query.Internal.QueryCompiler.<>c__DisplayClass11_0`1.<ExecuteCore>b__0()
   at Microsoft.EntityFrameworkCore.Query.Internal.CompiledQueryCache.GetOrAddQuery[TResult](Object cacheKey, Func`1 compiler)
   at Microsoft.EntityFrameworkCore.Query.Internal.QueryCompiler.ExecuteCore[TResult](Expression query, Boolean async, CancellationToken cancellationToken)
   at Microsoft.EntityFrameworkCore.Query.Internal.QueryCompiler.ExecuteAsync[TResult](Expression query, CancellationToken cancellationToken)
   at Microsoft.EntityFrameworkCore.Query.Internal.EntityQueryProvider.ExecuteAsync[TResult](Expression expression, CancellationToken cancellationToken)
   at Microsoft.EntityFrameworkCore.Query.Internal.EntityQueryable`1.GetAsyncEnumerator(CancellationToken cancellationToken)
   at System.Runtime.CompilerServices.ConfiguredCancelableAsyncEnumerable`1.GetAsyncEnumerator()
   at Microsoft.EntityFrameworkCore.EntityFrameworkQueryableExtensions.ToListAsync[TSource](IQueryable`1 source, CancellationToken cancellationToken)
   at TaskManagementSystem.Infrastructure.Persistence.Repositories.ProjectRepository.GetPagedListAsync(PagedListRequestDto request, CancellationToken cancellationToken) in E:\Projects\Backend\TaskManagementSystem.Infrastructure\Persistence\Repositories\ProjectRepository.cs:line 45
   at TaskManagementSystem.Application.Queries.Project.GetProjectPagedList.GetProjectPagedListQueryHandler.Handle(GetProjectPagedListQuery request, CancellationToken cancellationToken) in E:\Projects\Backend\TaskManagementSystem.Application\Queries\Project\GetProjectPagedList\GetProjectPagedListQueryHandler.cs:line 11
   at TaskManagementSystem.Application.Behaviors.LoggingPipelineBehavior`2.Handle(TRequest request, RequestHandlerDelegate`1 next, CancellationToken cancellationToken) in E:\Projects\Backend\TaskManagementSystem.Application\Behaviors\LoggingPipelineBehavior.cs:line 21
   at TaskManagementSystem.Application.Behaviors.UserContextPipelineBehavior`2.Handle(TRequest request, RequestHandlerDelegate`1 next, CancellationToken cancellationToken) in E:\Projects\Backend\TaskManagementSystem.Application\Behaviors\UserContextPipelineBehavior.cs:line 27
   at TaskManagementSystem.Api.Controllers.ProjectController.GetPagedList(PagedListRequestDto request) in E:\Projects\Backend\TaskManagementSystem.Api\Controllers\ProjectController.cs:line 41
[2026-03-27 01:37:08.998 +05:30] [ERR] [TaskManagementSystem.Application.Behaviors.LoggingPipelineBehavior] Error handling GetProjectPagedListQuery
System.InvalidOperationException: The LINQ expression 'DbSet<Project>()
    .OrderBy(p => new GetProjectPagedListDto{ 
        Id = p.Id, 
        Name = p.Name, 
        Description = p.Description, 
        Type = p.Type, 
        TotalWorkItem = DbSet<WorkItem>()
            .Where(w => EF.Property<int?>(p, "Id") != null && object.Equals(
                objA: (object)EF.Property<int?>(p, "Id"), 
                objB: (object)EF.Property<int?>(w, "ProjectId")))
            .Count() 
    }
    .CreatedByFirstName)' could not be translated. Either rewrite the query in a form that can be translated, or switch to client evaluation explicitly by inserting a call to 'AsEnumerable', 'AsAsyncEnumerable', 'ToList', or 'ToListAsync'. See https://go.microsoft.com/fwlink/?linkid=2101038 for more information.
   at Microsoft.EntityFrameworkCore.Query.QueryableMethodTranslatingExpressionVisitor.Translate(Expression expression)
   at Microsoft.EntityFrameworkCore.Query.QueryCompilationContext.CreateQueryExecutorExpression[TResult](Expression query)
   at Microsoft.EntityFrameworkCore.Query.QueryCompilationContext.CreateQueryExecutor[TResult](Expression query)
   at Microsoft.EntityFrameworkCore.Storage.Database.CompileQuery[TResult](Expression query, Boolean async)
   at Microsoft.EntityFrameworkCore.Query.Internal.QueryCompiler.CompileQueryCore[TResult](IDatabase database, Expression query, IModel model, Boolean async)
   at Microsoft.EntityFrameworkCore.Query.Internal.QueryCompiler.<>c__DisplayClass11_0`1.<ExecuteCore>b__0()
   at Microsoft.EntityFrameworkCore.Query.Internal.CompiledQueryCache.GetOrAddQuery[TResult](Object cacheKey, Func`1 compiler)
   at Microsoft.EntityFrameworkCore.Query.Internal.QueryCompiler.ExecuteAsync[TResult](Expression query, CancellationToken cancellationToken)
   at Microsoft.EntityFrameworkCore.EntityFrameworkQueryableExtensions.ToListAsync[TSource](IQueryable`1 source, CancellationToken cancellationToken)
   at TaskManagementSystem.Infrastructure.Persistence.Repositories.ProjectRepository.GetPagedListAsync(PagedListRequestDto request, CancellationToken cancellationToken) in E:\Projects\Backend\TaskManagementSystem.Infrastructure\Persistence\Repositories\ProjectRepository.cs:line 45
   at TaskManagementSystem.Application.Queries.Project.GetProjectPagedList.GetProjectPagedListQueryHandler.Handle(GetProjectPagedListQuery request, CancellationToken cancellationToken) in E:\Projects\Backend\TaskManagementSystem.Application\Queries\Project\GetProjectPagedList\GetProjectPagedListQueryHandler.cs:line 11
   at TaskManagementSystem.Application.Behaviors.LoggingPipelineBehavior`2.Handle(TRequest request, RequestHandlerDelegate`1 next, CancellationToken cancellationToken) in E:\Projects\Backend\TaskManagementSystem.Application\Behaviors\LoggingPipelineBehavior.cs:line 21
[2026-03-27 01:37:09.284 +05:30] [ERR] [TaskManagementSystem.Api.Controllers.ProjectController] Get project paged list.
System.InvalidOperationException: The LINQ expression 'DbSet<Project>()
    .OrderBy(p => new GetProjectPagedListDto{ 
        Id = p.Id, 
        Name = p.Name, 
        Description = p.Description, 
        Type = p.Type, 
        TotalWorkItem = DbSet<WorkItem>()
            .Where(w => EF.Property<int?>(p, "Id") != null && object.Equals(
                objA: (object)EF.Property<int?>(p, "Id"), 
                objB: (object)EF.Property<int?>(w, "ProjectId")))
            .Count() 
    }
    .CreatedByFirstName)' could not be translated. Either rewrite the query in a form that can be translated, or switch to client evaluation explicitly by inserting a call to 'AsEnumerable', 'AsAsyncEnumerable', 'ToList', or 'ToListAsync'. See https://go.microsoft.com/fwlink/?linkid=2101038 for more information.
   at Microsoft.EntityFrameworkCore.Query.QueryableMethodTranslatingExpressionVisitor.Translate(Expression expression)
   at Microsoft.EntityFrameworkCore.Query.QueryCompilationContext.CreateQueryExecutorExpression[TResult](Expression query)
   at Microsoft.EntityFrameworkCore.Query.QueryCompilationContext.CreateQueryExecutor[TResult](Expression query)
   at Microsoft.EntityFrameworkCore.Storage.Database.CompileQuery[TResult](Expression query, Boolean async)
   at Microsoft.EntityFrameworkCore.Query.Internal.QueryCompiler.CompileQueryCore[TResult](IDatabase database, Expression query, IModel model, Boolean async)
   at Microsoft.EntityFrameworkCore.Query.Internal.QueryCompiler.<>c__DisplayClass11_0`1.<ExecuteCore>b__0()
   at Microsoft.EntityFrameworkCore.Query.Internal.CompiledQueryCache.GetOrAddQuery[TResult](Object cacheKey, Func`1 compiler)
   at Microsoft.EntityFrameworkCore.Query.Internal.QueryCompiler.ExecuteAsync[TResult](Expression query, CancellationToken cancellationToken)
   at Microsoft.EntityFrameworkCore.EntityFrameworkQueryableExtensions.ToListAsync[TSource](IQueryable`1 source, CancellationToken cancellationToken)
   at TaskManagementSystem.Infrastructure.Persistence.Repositories.ProjectRepository.GetPagedListAsync(PagedListRequestDto request, CancellationToken cancellationToken) in E:\Projects\Backend\TaskManagementSystem.Infrastructure\Persistence\Repositories\ProjectRepository.cs:line 45
   at TaskManagementSystem.Application.Queries.Project.GetProjectPagedList.GetProjectPagedListQueryHandler.Handle(GetProjectPagedListQuery request, CancellationToken cancellationToken) in E:\Projects\Backend\TaskManagementSystem.Application\Queries\Project\GetProjectPagedList\GetProjectPagedListQueryHandler.cs:line 11
   at TaskManagementSystem.Application.Behaviors.LoggingPipelineBehavior`2.Handle(TRequest request, RequestHandlerDelegate`1 next, CancellationToken cancellationToken) in E:\Projects\Backend\TaskManagementSystem.Application\Behaviors\LoggingPipelineBehavior.cs:line 21
   at TaskManagementSystem.Application.Behaviors.UserContextPipelineBehavior`2.Handle(TRequest request, RequestHandlerDelegate`1 next, CancellationToken cancellationToken) in E:\Projects\Backend\TaskManagementSystem.Application\Behaviors\UserContextPipelineBehavior.cs:line 27
   at TaskManagementSystem.Api.Controllers.ProjectController.GetPagedList(PagedListRequestDto request) in E:\Projects\Backend\TaskManagementSystem.Api\Controllers\ProjectController.cs:line 41
[2026-03-27 01:37:09.888 +05:30] [ERR] [TaskManagementSystem.Application.Behaviors.LoggingPipelineBehavior] Error handling GetProjectPagedListQuery
System.InvalidOperationException: The LINQ expression 'DbSet<Project>()
    .OrderByDescending(p => new GetProjectPagedListDto{ 
        Id = p.Id, 
        Name = p.Name, 
        Description = p.Description, 
        Type = p.Type, 
        TotalWorkItem = DbSet<WorkItem>()
            .Where(w => EF.Property<int?>(p, "Id") != null && object.Equals(
                objA: (object)EF.Property<int?>(p, "Id"), 
                objB: (object)EF.Property<int?>(w, "ProjectId")))
            .Count() 
    }
    .CreatedByFirstName)' could not be translated. Either rewrite the query in a form that can be translated, or switch to client evaluation explicitly by inserting a call to 'AsEnumerable', 'AsAsyncEnumerable', 'ToList', or 'ToListAsync'. See https://go.microsoft.com/fwlink/?linkid=2101038 for more information.
   at Microsoft.EntityFrameworkCore.Query.QueryableMethodTranslatingExpressionVisitor.Translate(Expression expression)
   at Microsoft.EntityFrameworkCore.Query.QueryCompilationContext.CreateQueryExecutorExpression[TResult](Expression query)
   at Microsoft.EntityFrameworkCore.Query.QueryCompilationContext.CreateQueryExecutor[TResult](Expression query)
   at Microsoft.EntityFrameworkCore.Storage.Database.CompileQuery[TResult](Expression query, Boolean async)
   at Microsoft.EntityFrameworkCore.Query.Internal.QueryCompiler.CompileQueryCore[TResult](IDatabase database, Expression query, IModel model, Boolean async)
   at Microsoft.EntityFrameworkCore.Query.Internal.QueryCompiler.<>c__DisplayClass11_0`1.<ExecuteCore>b__0()
   at Microsoft.EntityFrameworkCore.Query.Internal.CompiledQueryCache.GetOrAddQuery[TResult](Object cacheKey, Func`1 compiler)
   at Microsoft.EntityFrameworkCore.Query.Internal.QueryCompiler.ExecuteAsync[TResult](Expression query, CancellationToken cancellationToken)
   at Microsoft.EntityFrameworkCore.EntityFrameworkQueryableExtensions.ToListAsync[TSource](IQueryable`1 source, CancellationToken cancellationToken)
   at TaskManagementSystem.Infrastructure.Persistence.Repositories.ProjectRepository.GetPagedListAsync(PagedListRequestDto request, CancellationToken cancellationToken) in E:\Projects\Backend\TaskManagementSystem.Infrastructure\Persistence\Repositories\ProjectRepository.cs:line 45
   at TaskManagementSystem.Application.Queries.Project.GetProjectPagedList.GetProjectPagedListQueryHandler.Handle(GetProjectPagedListQuery request, CancellationToken cancellationToken) in E:\Projects\Backend\TaskManagementSystem.Application\Queries\Project\GetProjectPagedList\GetProjectPagedListQueryHandler.cs:line 11
   at TaskManagementSystem.Application.Behaviors.LoggingPipelineBehavior`2.Handle(TRequest request, RequestHandlerDelegate`1 next, CancellationToken cancellationToken) in E:\Projects\Backend\TaskManagementSystem.Application\Behaviors\LoggingPipelineBehavior.cs:line 21
[2026-03-27 01:37:10.113 +05:30] [ERR] [TaskManagementSystem.Api.Controllers.ProjectController] Get project paged list.
System.InvalidOperationException: The LINQ expression 'DbSet<Project>()
    .OrderByDescending(p => new GetProjectPagedListDto{ 
        Id = p.Id, 
        Name = p.Name, 
        Description = p.Description, 
        Type = p.Type, 
        TotalWorkItem = DbSet<WorkItem>()
            .Where(w => EF.Property<int?>(p, "Id") != null && object.Equals(
                objA: (object)EF.Property<int?>(p, "Id"), 
                objB: (object)EF.Property<int?>(w, "ProjectId")))
            .Count() 
    }
    .CreatedByFirstName)' could not be translated. Either rewrite the query in a form that can be translated, or switch to client evaluation explicitly by inserting a call to 'AsEnumerable', 'AsAsyncEnumerable', 'ToList', or 'ToListAsync'. See https://go.microsoft.com/fwlink/?linkid=2101038 for more information.
   at Microsoft.EntityFrameworkCore.Query.QueryableMethodTranslatingExpressionVisitor.Translate(Expression expression)
   at Microsoft.EntityFrameworkCore.Query.QueryCompilationContext.CreateQueryExecutorExpression[TResult](Expression query)
   at Microsoft.EntityFrameworkCore.Query.QueryCompilationContext.CreateQueryExecutor[TResult](Expression query)
   at Microsoft.EntityFrameworkCore.Storage.Database.CompileQuery[TResult](Expression query, Boolean async)
   at Microsoft.EntityFrameworkCore.Query.Internal.QueryCompiler.CompileQueryCore[TResult](IDatabase database, Expression query, IModel model, Boolean async)
   at Microsoft.EntityFrameworkCore.Query.Internal.QueryCompiler.<>c__DisplayClass11_0`1.<ExecuteCore>b__0()
   at Microsoft.EntityFrameworkCore.Query.Internal.CompiledQueryCache.GetOrAddQuery[TResult](Object cacheKey, Func`1 compiler)
   at Microsoft.EntityFrameworkCore.Query.Internal.QueryCompiler.ExecuteAsync[TResult](Expression query, CancellationToken cancellationToken)
   at Microsoft.EntityFrameworkCore.EntityFrameworkQueryableExtensions.ToListAsync[TSource](IQueryable`1 source, CancellationToken cancellationToken)
   at TaskManagementSystem.Infrastructure.Persistence.Repositories.ProjectRepository.GetPagedListAsync(PagedListRequestDto request, CancellationToken cancellationToken) in E:\Projects\Backend\TaskManagementSystem.Infrastructure\Persistence\Repositories\ProjectRepository.cs:line 45
   at TaskManagementSystem.Application.Queries.Project.GetProjectPagedList.GetProjectPagedListQueryHandler.Handle(GetProjectPagedListQuery request, CancellationToken cancellationToken) in E:\Projects\Backend\TaskManagementSystem.Application\Queries\Project\GetProjectPagedList\GetProjectPagedListQueryHandler.cs:line 11
   at TaskManagementSystem.Application.Behaviors.LoggingPipelineBehavior`2.Handle(TRequest request, RequestHandlerDelegate`1 next, CancellationToken cancellationToken) in E:\Projects\Backend\TaskManagementSystem.Application\Behaviors\LoggingPipelineBehavior.cs:line 21
   at TaskManagementSystem.Application.Behaviors.UserContextPipelineBehavior`2.Handle(TRequest request, RequestHandlerDelegate`1 next, CancellationToken cancellationToken) in E:\Projects\Backend\TaskManagementSystem.Application\Behaviors\UserContextPipelineBehavior.cs:line 27
   at TaskManagementSystem.Api.Controllers.ProjectController.GetPagedList(PagedListRequestDto request) in E:\Projects\Backend\TaskManagementSystem.Api\Controllers\ProjectController.cs:line 41
[2026-03-27 01:37:10.454 +05:30] [ERR] [TaskManagementSystem.Application.Behaviors.LoggingPipelineBehavior] Error handling GetProjectPagedListQuery
System.InvalidOperationException: The LINQ expression 'DbSet<Project>()
    .OrderBy(p => new GetProjectPagedListDto{ 
        Id = p.Id, 
        Name = p.Name, 
        Description = p.Description, 
        Type = p.Type, 
        TotalWorkItem = DbSet<WorkItem>()
            .Where(w => EF.Property<int?>(p, "Id") != null && object.Equals(
                objA: (object)EF.Property<int?>(p, "Id"), 
                objB: (object)EF.Property<int?>(w, "ProjectId")))
            .Count() 
    }
    .CreatedByFirstName)' could not be translated. Either rewrite the query in a form that can be translated, or switch to client evaluation explicitly by inserting a call to 'AsEnumerable', 'AsAsyncEnumerable', 'ToList', or 'ToListAsync'. See https://go.microsoft.com/fwlink/?linkid=2101038 for more information.
   at Microsoft.EntityFrameworkCore.Query.QueryableMethodTranslatingExpressionVisitor.Translate(Expression expression)
   at Microsoft.EntityFrameworkCore.Query.QueryCompilationContext.CreateQueryExecutorExpression[TResult](Expression query)
   at Microsoft.EntityFrameworkCore.Query.QueryCompilationContext.CreateQueryExecutor[TResult](Expression query)
   at Microsoft.EntityFrameworkCore.Storage.Database.CompileQuery[TResult](Expression query, Boolean async)
   at Microsoft.EntityFrameworkCore.Query.Internal.QueryCompiler.CompileQueryCore[TResult](IDatabase database, Expression query, IModel model, Boolean async)
   at Microsoft.EntityFrameworkCore.Query.Internal.QueryCompiler.<>c__DisplayClass11_0`1.<ExecuteCore>b__0()
   at Microsoft.EntityFrameworkCore.Query.Internal.CompiledQueryCache.GetOrAddQuery[TResult](Object cacheKey, Func`1 compiler)
   at Microsoft.EntityFrameworkCore.Query.Internal.QueryCompiler.ExecuteAsync[TResult](Expression query, CancellationToken cancellationToken)
   at Microsoft.EntityFrameworkCore.EntityFrameworkQueryableExtensions.ToListAsync[TSource](IQueryable`1 source, CancellationToken cancellationToken)
   at TaskManagementSystem.Infrastructure.Persistence.Repositories.ProjectRepository.GetPagedListAsync(PagedListRequestDto request, CancellationToken cancellationToken) in E:\Projects\Backend\TaskManagementSystem.Infrastructure\Persistence\Repositories\ProjectRepository.cs:line 45
   at TaskManagementSystem.Application.Queries.Project.GetProjectPagedList.GetProjectPagedListQueryHandler.Handle(GetProjectPagedListQuery request, CancellationToken cancellationToken) in E:\Projects\Backend\TaskManagementSystem.Application\Queries\Project\GetProjectPagedList\GetProjectPagedListQueryHandler.cs:line 11
   at TaskManagementSystem.Application.Behaviors.LoggingPipelineBehavior`2.Handle(TRequest request, RequestHandlerDelegate`1 next, CancellationToken cancellationToken) in E:\Projects\Backend\TaskManagementSystem.Application\Behaviors\LoggingPipelineBehavior.cs:line 21
[2026-03-27 01:37:10.702 +05:30] [ERR] [TaskManagementSystem.Api.Controllers.ProjectController] Get project paged list.
System.InvalidOperationException: The LINQ expression 'DbSet<Project>()
    .OrderBy(p => new GetProjectPagedListDto{ 
        Id = p.Id, 
        Name = p.Name, 
        Description = p.Description, 
        Type = p.Type, 
        TotalWorkItem = DbSet<WorkItem>()
            .Where(w => EF.Property<int?>(p, "Id") != null && object.Equals(
                objA: (object)EF.Property<int?>(p, "Id"), 
                objB: (object)EF.Property<int?>(w, "ProjectId")))
            .Count() 
    }
    .CreatedByFirstName)' could not be translated. Either rewrite the query in a form that can be translated, or switch to client evaluation explicitly by inserting a call to 'AsEnumerable', 'AsAsyncEnumerable', 'ToList', or 'ToListAsync'. See https://go.microsoft.com/fwlink/?linkid=2101038 for more information.
   at Microsoft.EntityFrameworkCore.Query.QueryableMethodTranslatingExpressionVisitor.Translate(Expression expression)
   at Microsoft.EntityFrameworkCore.Query.QueryCompilationContext.CreateQueryExecutorExpression[TResult](Expression query)
   at Microsoft.EntityFrameworkCore.Query.QueryCompilationContext.CreateQueryExecutor[TResult](Expression query)
   at Microsoft.EntityFrameworkCore.Storage.Database.CompileQuery[TResult](Expression query, Boolean async)
   at Microsoft.EntityFrameworkCore.Query.Internal.QueryCompiler.CompileQueryCore[TResult](IDatabase database, Expression query, IModel model, Boolean async)
   at Microsoft.EntityFrameworkCore.Query.Internal.QueryCompiler.<>c__DisplayClass11_0`1.<ExecuteCore>b__0()
   at Microsoft.EntityFrameworkCore.Query.Internal.CompiledQueryCache.GetOrAddQuery[TResult](Object cacheKey, Func`1 compiler)
   at Microsoft.EntityFrameworkCore.Query.Internal.QueryCompiler.ExecuteAsync[TResult](Expression query, CancellationToken cancellationToken)
   at Microsoft.EntityFrameworkCore.EntityFrameworkQueryableExtensions.ToListAsync[TSource](IQueryable`1 source, CancellationToken cancellationToken)
   at TaskManagementSystem.Infrastructure.Persistence.Repositories.ProjectRepository.GetPagedListAsync(PagedListRequestDto request, CancellationToken cancellationToken) in E:\Projects\Backend\TaskManagementSystem.Infrastructure\Persistence\Repositories\ProjectRepository.cs:line 45
   at TaskManagementSystem.Application.Queries.Project.GetProjectPagedList.GetProjectPagedListQueryHandler.Handle(GetProjectPagedListQuery request, CancellationToken cancellationToken) in E:\Projects\Backend\TaskManagementSystem.Application\Queries\Project\GetProjectPagedList\GetProjectPagedListQueryHandler.cs:line 11
   at TaskManagementSystem.Application.Behaviors.LoggingPipelineBehavior`2.Handle(TRequest request, RequestHandlerDelegate`1 next, CancellationToken cancellationToken) in E:\Projects\Backend\TaskManagementSystem.Application\Behaviors\LoggingPipelineBehavior.cs:line 21
   at TaskManagementSystem.Application.Behaviors.UserContextPipelineBehavior`2.Handle(TRequest request, RequestHandlerDelegate`1 next, CancellationToken cancellationToken) in E:\Projects\Backend\TaskManagementSystem.Application\Behaviors\UserContextPipelineBehavior.cs:line 27
   at TaskManagementSystem.Api.Controllers.ProjectController.GetPagedList(PagedListRequestDto request) in E:\Projects\Backend\TaskManagementSystem.Api\Controllers\ProjectController.cs:line 41
[2026-03-27 01:37:11.113 +05:30] [ERR] [TaskManagementSystem.Application.Behaviors.LoggingPipelineBehavior] Error handling GetProjectPagedListQuery
System.InvalidOperationException: The LINQ expression 'DbSet<Project>()
    .OrderByDescending(p => new GetProjectPagedListDto{ 
        Id = p.Id, 
        Name = p.Name, 
        Description = p.Description, 
        Type = p.Type, 
        TotalWorkItem = DbSet<WorkItem>()
            .Where(w => EF.Property<int?>(p, "Id") != null && object.Equals(
                objA: (object)EF.Property<int?>(p, "Id"), 
                objB: (object)EF.Property<int?>(w, "ProjectId")))
            .Count() 
    }
    .CreatedByFirstName)' could not be translated. Either rewrite the query in a form that can be translated, or switch to client evaluation explicitly by inserting a call to 'AsEnumerable', 'AsAsyncEnumerable', 'ToList', or 'ToListAsync'. See https://go.microsoft.com/fwlink/?linkid=2101038 for more information.
   at Microsoft.EntityFrameworkCore.Query.QueryableMethodTranslatingExpressionVisitor.Translate(Expression expression)
   at Microsoft.EntityFrameworkCore.Query.QueryCompilationContext.CreateQueryExecutorExpression[TResult](Expression query)
   at Microsoft.EntityFrameworkCore.Query.QueryCompilationContext.CreateQueryExecutor[TResult](Expression query)
   at Microsoft.EntityFrameworkCore.Storage.Database.CompileQuery[TResult](Expression query, Boolean async)
   at Microsoft.EntityFrameworkCore.Query.Internal.QueryCompiler.CompileQueryCore[TResult](IDatabase database, Expression query, IModel model, Boolean async)
   at Microsoft.EntityFrameworkCore.Query.Internal.QueryCompiler.<>c__DisplayClass11_0`1.<ExecuteCore>b__0()
   at Microsoft.EntityFrameworkCore.Query.Internal.CompiledQueryCache.GetOrAddQuery[TResult](Object cacheKey, Func`1 compiler)
   at Microsoft.EntityFrameworkCore.Query.Internal.QueryCompiler.ExecuteAsync[TResult](Expression query, CancellationToken cancellationToken)
   at Microsoft.EntityFrameworkCore.EntityFrameworkQueryableExtensions.ToListAsync[TSource](IQueryable`1 source, CancellationToken cancellationToken)
   at TaskManagementSystem.Infrastructure.Persistence.Repositories.ProjectRepository.GetPagedListAsync(PagedListRequestDto request, CancellationToken cancellationToken) in E:\Projects\Backend\TaskManagementSystem.Infrastructure\Persistence\Repositories\ProjectRepository.cs:line 45
   at TaskManagementSystem.Application.Queries.Project.GetProjectPagedList.GetProjectPagedListQueryHandler.Handle(GetProjectPagedListQuery request, CancellationToken cancellationToken) in E:\Projects\Backend\TaskManagementSystem.Application\Queries\Project\GetProjectPagedList\GetProjectPagedListQueryHandler.cs:line 11
   at TaskManagementSystem.Application.Behaviors.LoggingPipelineBehavior`2.Handle(TRequest request, RequestHandlerDelegate`1 next, CancellationToken cancellationToken) in E:\Projects\Backend\TaskManagementSystem.Application\Behaviors\LoggingPipelineBehavior.cs:line 21
[2026-03-27 01:37:11.348 +05:30] [ERR] [TaskManagementSystem.Api.Controllers.ProjectController] Get project paged list.
System.InvalidOperationException: The LINQ expression 'DbSet<Project>()
    .OrderByDescending(p => new GetProjectPagedListDto{ 
        Id = p.Id, 
        Name = p.Name, 
        Description = p.Description, 
        Type = p.Type, 
        TotalWorkItem = DbSet<WorkItem>()
            .Where(w => EF.Property<int?>(p, "Id") != null && object.Equals(
                objA: (object)EF.Property<int?>(p, "Id"), 
                objB: (object)EF.Property<int?>(w, "ProjectId")))
            .Count() 
    }
    .CreatedByFirstName)' could not be translated. Either rewrite the query in a form that can be translated, or switch to client evaluation explicitly by inserting a call to 'AsEnumerable', 'AsAsyncEnumerable', 'ToList', or 'ToListAsync'. See https://go.microsoft.com/fwlink/?linkid=2101038 for more information.
   at Microsoft.EntityFrameworkCore.Query.QueryableMethodTranslatingExpressionVisitor.Translate(Expression expression)
   at Microsoft.EntityFrameworkCore.Query.QueryCompilationContext.CreateQueryExecutorExpression[TResult](Expression query)
   at Microsoft.EntityFrameworkCore.Query.QueryCompilationContext.CreateQueryExecutor[TResult](Expression query)
   at Microsoft.EntityFrameworkCore.Storage.Database.CompileQuery[TResult](Expression query, Boolean async)
   at Microsoft.EntityFrameworkCore.Query.Internal.QueryCompiler.CompileQueryCore[TResult](IDatabase database, Expression query, IModel model, Boolean async)
   at Microsoft.EntityFrameworkCore.Query.Internal.QueryCompiler.<>c__DisplayClass11_0`1.<ExecuteCore>b__0()
   at Microsoft.EntityFrameworkCore.Query.Internal.CompiledQueryCache.GetOrAddQuery[TResult](Object cacheKey, Func`1 compiler)
   at Microsoft.EntityFrameworkCore.Query.Internal.QueryCompiler.ExecuteAsync[TResult](Expression query, CancellationToken cancellationToken)
   at Microsoft.EntityFrameworkCore.EntityFrameworkQueryableExtensions.ToListAsync[TSource](IQueryable`1 source, CancellationToken cancellationToken)
   at TaskManagementSystem.Infrastructure.Persistence.Repositories.ProjectRepository.GetPagedListAsync(PagedListRequestDto request, CancellationToken cancellationToken) in E:\Projects\Backend\TaskManagementSystem.Infrastructure\Persistence\Repositories\ProjectRepository.cs:line 45
   at TaskManagementSystem.Application.Queries.Project.GetProjectPagedList.GetProjectPagedListQueryHandler.Handle(GetProjectPagedListQuery request, CancellationToken cancellationToken) in E:\Projects\Backend\TaskManagementSystem.Application\Queries\Project\GetProjectPagedList\GetProjectPagedListQueryHandler.cs:line 11
   at TaskManagementSystem.Application.Behaviors.LoggingPipelineBehavior`2.Handle(TRequest request, RequestHandlerDelegate`1 next, CancellationToken cancellationToken) in E:\Projects\Backend\TaskManagementSystem.Application\Behaviors\LoggingPipelineBehavior.cs:line 21
   at TaskManagementSystem.Application.Behaviors.UserContextPipelineBehavior`2.Handle(TRequest request, RequestHandlerDelegate`1 next, CancellationToken cancellationToken) in E:\Projects\Backend\TaskManagementSystem.Application\Behaviors\UserContextPipelineBehavior.cs:line 27
   at TaskManagementSystem.Api.Controllers.ProjectController.GetPagedList(PagedListRequestDto request) in E:\Projects\Backend\TaskManagementSystem.Api\Controllers\ProjectController.cs:line 41
[2026-03-27 01:51:41.207 +05:30] [ERR] [TaskManagementSystem.Application.Behaviors.LoggingPipelineBehavior] Error handling GetProjectPagedListQuery
System.InvalidOperationException: The LINQ expression 'DbSet<Project>()
    .Join(
        inner: DbSet<User>(), 
        outerKeySelector: p => (object)p.CreatedById, 
        innerKeySelector: u => (object)(int?)u.Id, 
        resultSelector: (p, u) => new TransparentIdentifier<Project, User>(
            Outer = p, 
            Inner = u
        ))
    .Join(
        inner: DbSet<Team>(), 
        outerKeySelector: ti => (object)ti.Outer.TeamId, 
        innerKeySelector: t => (object)(int?)t.Id, 
        resultSelector: (ti, t) => new TransparentIdentifier<TransparentIdentifier<Project, User>, Team>(
            Outer = ti, 
            Inner = t
        ))
    .Where(ti0 => (int)ti0.Outer.Outer.Status != 4 && (int)ti0.Outer.Inner.Status != 4 && (int)ti0.Inner.Status != 4 && False || @Functions
        .Like(
            matchExpression: @ToUpper, 
            pattern: string.Format(
                format: "%{0}%", 
                arg0: ti0.Outer.Outer.Name.Trim().ToUpper())) || @Functions
        .Like(
            matchExpression: @ToUpper, 
            pattern: string.Format(
                format: "%{0}%", 
                arg0: ti0.Inner.Name.Trim().ToUpper())) || @Functions
        .Like(
            matchExpression: @ToUpper, 
            pattern: string.Format(
                format: "%{0} + {1}%", 
                arg0: ti0.Outer.Inner.FirstName.Trim().ToUpper(), 
                arg1: ti0.Outer.Inner.LastName.Trim().ToUpper())))' could not be translated. Additional information: Translation of method 'string.Format' failed. If this method can be mapped to your custom function, see https://go.microsoft.com/fwlink/?linkid=2132413 for more information.
Translation of method 'string.Format' failed. If this method can be mapped to your custom function, see https://go.microsoft.com/fwlink/?linkid=2132413 for more information.
Translation of method 'string.Format' failed. If this method can be mapped to your custom function, see https://go.microsoft.com/fwlink/?linkid=2132413 for more information. Either rewrite the query in a form that can be translated, or switch to client evaluation explicitly by inserting a call to 'AsEnumerable', 'AsAsyncEnumerable', 'ToList', or 'ToListAsync'. See https://go.microsoft.com/fwlink/?linkid=2101038 for more information.
   at Microsoft.EntityFrameworkCore.Query.QueryableMethodTranslatingExpressionVisitor.Translate(Expression expression)
   at Microsoft.EntityFrameworkCore.Query.QueryCompilationContext.CreateQueryExecutorExpression[TResult](Expression query)
   at Microsoft.EntityFrameworkCore.Query.QueryCompilationContext.CreateQueryExecutor[TResult](Expression query)
   at Microsoft.EntityFrameworkCore.Storage.Database.CompileQuery[TResult](Expression query, Boolean async)
   at Microsoft.EntityFrameworkCore.Query.Internal.QueryCompiler.CompileQueryCore[TResult](IDatabase database, Expression query, IModel model, Boolean async)
   at Microsoft.EntityFrameworkCore.Query.Internal.QueryCompiler.<>c__DisplayClass11_0`1.<ExecuteCore>b__0()
   at Microsoft.EntityFrameworkCore.Query.Internal.CompiledQueryCache.GetOrAddQuery[TResult](Object cacheKey, Func`1 compiler)
   at Microsoft.EntityFrameworkCore.Query.Internal.QueryCompiler.ExecuteCore[TResult](Expression query, Boolean async, CancellationToken cancellationToken)
   at Microsoft.EntityFrameworkCore.Query.Internal.QueryCompiler.ExecuteAsync[TResult](Expression query, CancellationToken cancellationToken)
   at Microsoft.EntityFrameworkCore.Query.Internal.EntityQueryProvider.ExecuteAsync[TResult](Expression expression, CancellationToken cancellationToken)
   at Microsoft.EntityFrameworkCore.EntityFrameworkQueryableExtensions.ExecuteAsync[TSource,TResult](MethodInfo operatorMethodInfo, IQueryable`1 source, Expression expression, CancellationToken cancellationToken)
   at Microsoft.EntityFrameworkCore.EntityFrameworkQueryableExtensions.ExecuteAsync[TSource,TResult](MethodInfo operatorMethodInfo, IQueryable`1 source, CancellationToken cancellationToken)
   at Microsoft.EntityFrameworkCore.EntityFrameworkQueryableExtensions.CountAsync[TSource](IQueryable`1 source, CancellationToken cancellationToken)
   at TaskManagementSystem.Infrastructure.Persistence.Repositories.ProjectRepository.GetPagedListAsync(PagedListRequestDto request, CancellationToken cancellationToken) in E:\Projects\Backend\TaskManagementSystem.Infrastructure\Persistence\Repositories\ProjectRepository.cs:line 45
   at TaskManagementSystem.Application.Queries.Project.GetProjectPagedList.GetProjectPagedListQueryHandler.Handle(GetProjectPagedListQuery request, CancellationToken cancellationToken) in E:\Projects\Backend\TaskManagementSystem.Application\Queries\Project\GetProjectPagedList\GetProjectPagedListQueryHandler.cs:line 11
   at TaskManagementSystem.Application.Behaviors.LoggingPipelineBehavior`2.Handle(TRequest request, RequestHandlerDelegate`1 next, CancellationToken cancellationToken) in E:\Projects\Backend\TaskManagementSystem.Application\Behaviors\LoggingPipelineBehavior.cs:line 21
[2026-03-27 01:51:41.550 +05:30] [ERR] [TaskManagementSystem.Api.Controllers.ProjectController] Get project paged list.
System.InvalidOperationException: The LINQ expression 'DbSet<Project>()
    .Join(
        inner: DbSet<User>(), 
        outerKeySelector: p => (object)p.CreatedById, 
        innerKeySelector: u => (object)(int?)u.Id, 
        resultSelector: (p, u) => new TransparentIdentifier<Project, User>(
            Outer = p, 
            Inner = u
        ))
    .Join(
        inner: DbSet<Team>(), 
        outerKeySelector: ti => (object)ti.Outer.TeamId, 
        innerKeySelector: t => (object)(int?)t.Id, 
        resultSelector: (ti, t) => new TransparentIdentifier<TransparentIdentifier<Project, User>, Team>(
            Outer = ti, 
            Inner = t
        ))
    .Where(ti0 => (int)ti0.Outer.Outer.Status != 4 && (int)ti0.Outer.Inner.Status != 4 && (int)ti0.Inner.Status != 4 && False || @Functions
        .Like(
            matchExpression: @ToUpper, 
            pattern: string.Format(
                format: "%{0}%", 
                arg0: ti0.Outer.Outer.Name.Trim().ToUpper())) || @Functions
        .Like(
            matchExpression: @ToUpper, 
            pattern: string.Format(
                format: "%{0}%", 
                arg0: ti0.Inner.Name.Trim().ToUpper())) || @Functions
        .Like(
            matchExpression: @ToUpper, 
            pattern: string.Format(
                format: "%{0} + {1}%", 
                arg0: ti0.Outer.Inner.FirstName.Trim().ToUpper(), 
                arg1: ti0.Outer.Inner.LastName.Trim().ToUpper())))' could not be translated. Additional information: Translation of method 'string.Format' failed. If this method can be mapped to your custom function, see https://go.microsoft.com/fwlink/?linkid=2132413 for more information.
Translation of method 'string.Format' failed. If this method can be mapped to your custom function, see https://go.microsoft.com/fwlink/?linkid=2132413 for more information.
Translation of method 'string.Format' failed. If this method can be mapped to your custom function, see https://go.microsoft.com/fwlink/?linkid=2132413 for more information. Either rewrite the query in a form that can be translated, or switch to client evaluation explicitly by inserting a call to 'AsEnumerable', 'AsAsyncEnumerable', 'ToList', or 'ToListAsync'. See https://go.microsoft.com/fwlink/?linkid=2101038 for more information.
   at Microsoft.EntityFrameworkCore.Query.QueryableMethodTranslatingExpressionVisitor.Translate(Expression expression)
   at Microsoft.EntityFrameworkCore.Query.QueryCompilationContext.CreateQueryExecutorExpression[TResult](Expression query)
   at Microsoft.EntityFrameworkCore.Query.QueryCompilationContext.CreateQueryExecutor[TResult](Expression query)
   at Microsoft.EntityFrameworkCore.Storage.Database.CompileQuery[TResult](Expression query, Boolean async)
   at Microsoft.EntityFrameworkCore.Query.Internal.QueryCompiler.CompileQueryCore[TResult](IDatabase database, Expression query, IModel model, Boolean async)
   at Microsoft.EntityFrameworkCore.Query.Internal.QueryCompiler.<>c__DisplayClass11_0`1.<ExecuteCore>b__0()
   at Microsoft.EntityFrameworkCore.Query.Internal.CompiledQueryCache.GetOrAddQuery[TResult](Object cacheKey, Func`1 compiler)
   at Microsoft.EntityFrameworkCore.Query.Internal.QueryCompiler.ExecuteCore[TResult](Expression query, Boolean async, CancellationToken cancellationToken)
   at Microsoft.EntityFrameworkCore.Query.Internal.QueryCompiler.ExecuteAsync[TResult](Expression query, CancellationToken cancellationToken)
   at Microsoft.EntityFrameworkCore.Query.Internal.EntityQueryProvider.ExecuteAsync[TResult](Expression expression, CancellationToken cancellationToken)
   at Microsoft.EntityFrameworkCore.EntityFrameworkQueryableExtensions.ExecuteAsync[TSource,TResult](MethodInfo operatorMethodInfo, IQueryable`1 source, Expression expression, CancellationToken cancellationToken)
   at Microsoft.EntityFrameworkCore.EntityFrameworkQueryableExtensions.ExecuteAsync[TSource,TResult](MethodInfo operatorMethodInfo, IQueryable`1 source, CancellationToken cancellationToken)
   at Microsoft.EntityFrameworkCore.EntityFrameworkQueryableExtensions.CountAsync[TSource](IQueryable`1 source, CancellationToken cancellationToken)
   at TaskManagementSystem.Infrastructure.Persistence.Repositories.ProjectRepository.GetPagedListAsync(PagedListRequestDto request, CancellationToken cancellationToken) in E:\Projects\Backend\TaskManagementSystem.Infrastructure\Persistence\Repositories\ProjectRepository.cs:line 45
   at TaskManagementSystem.Application.Queries.Project.GetProjectPagedList.GetProjectPagedListQueryHandler.Handle(GetProjectPagedListQuery request, CancellationToken cancellationToken) in E:\Projects\Backend\TaskManagementSystem.Application\Queries\Project\GetProjectPagedList\GetProjectPagedListQueryHandler.cs:line 11
   at TaskManagementSystem.Application.Behaviors.LoggingPipelineBehavior`2.Handle(TRequest request, RequestHandlerDelegate`1 next, CancellationToken cancellationToken) in E:\Projects\Backend\TaskManagementSystem.Application\Behaviors\LoggingPipelineBehavior.cs:line 21
   at TaskManagementSystem.Application.Behaviors.UserContextPipelineBehavior`2.Handle(TRequest request, RequestHandlerDelegate`1 next, CancellationToken cancellationToken) in E:\Projects\Backend\TaskManagementSystem.Application\Behaviors\UserContextPipelineBehavior.cs:line 27
   at TaskManagementSystem.Api.Controllers.ProjectController.GetPagedList(PagedListRequestDto request) in E:\Projects\Backend\TaskManagementSystem.Api\Controllers\ProjectController.cs:line 41
